2016-12-03 23:41:27,966 [1] INFO Libromatico - Aplicación Iniciada
2016-12-03 23:41:55,697 [6] INFO Libromatico - Info: Comienza Metodo: Estanteria.UltimosAgregados - Parametros: Cantidad: 10
2016-12-03 23:41:58,175 [6] INFO Libromatico - Info: Estanteria.UltimosAgregados - Result: Item: Id: 9 - Propietario: 1 - Titulo: Harry Potter y la cámara secreta
2016-12-03 23:41:58,185 [6] INFO Libromatico - Info: Estanteria.UltimosAgregados - Result: Item: Id: 8 - Propietario: 6 - Titulo: Shades of Earth
2016-12-03 23:41:58,193 [6] INFO Libromatico - Info: Estanteria.UltimosAgregados - Result: Item: Id: 7 - Propietario: 4 - Titulo: El angel de la oscuridad
2016-12-03 23:41:58,199 [6] INFO Libromatico - Info: Estanteria.UltimosAgregados - Result: Item: Id: 6 - Propietario: 5 - Titulo: National Geographic
2016-12-03 23:41:58,225 [6] INFO Libromatico - Info: Estanteria.UltimosAgregados - Result: Item: Id: 5 - Propietario: 1 - Titulo: No subas
2016-12-03 23:41:58,233 [6] INFO Libromatico - Info: Estanteria.UltimosAgregados - Result: Item: Id: 4 - Propietario: 4 - Titulo: Un libro para renacer cada día
2016-12-03 23:41:58,238 [6] INFO Libromatico - Info: Estanteria.UltimosAgregados - Result: Item: Id: 3 - Propietario: 3 - Titulo: Cartas desde la isla sky
2016-12-03 23:41:58,243 [6] INFO Libromatico - Info: Estanteria.UltimosAgregados - Result: Item: Id: 2 - Propietario: 2 - Titulo: Papelucho
2016-12-03 23:41:58,249 [6] INFO Libromatico - Info: Estanteria.UltimosAgregados - Result: Item: Id: 1 - Propietario: 1 - Titulo: Harry Potter y la Piedra Filosofal
2016-12-03 23:41:58,255 [6] INFO Libromatico - Info: Termina Metodo: Estanteria.UltimosAgregados
2016-12-03 23:42:21,041 [6] INFO Libromatico - Info: Comienza Metodo: Cuenta.InicioSesion - Parametros: Email: email1@mail.cl
2016-12-03 23:42:21,375 [6] INFO Libromatico - Info: Cuenta.IniciarSesion - Result: True
2016-12-03 23:42:21,381 [6] INFO Libromatico - Info: Termina Metodo: Cuenta.IniciarSesion
2016-12-03 23:42:21,394 [6] INFO Libromatico - Info: Comienza Metodo: Cuenta.Perfiles - Parametros: email1@mail.cl
2016-12-03 23:42:21,679 [6] INFO Libromatico - Info: Cuenta.Perfiles - Result: Id 1
2016-12-03 23:42:21,698 [6] INFO Libromatico - Info: Termina Metodo: Cuenta.Perfiles
2016-12-03 23:42:21,762 [8] INFO Libromatico - Info: Comienza Metodo: Cuenta.Perfiles - Parametros: email1@mail.cl
2016-12-03 23:42:21,770 [8] INFO Libromatico - Info: Cuenta.Perfiles - Result: Id 1
2016-12-03 23:42:21,775 [8] INFO Libromatico - Info: Termina Metodo: Cuenta.Perfiles
2016-12-03 23:42:21,786 [8] INFO Libromatico - Info: Comienza Metodo: Perfil.Seleccionar - Parametros: Id: 1
2016-12-03 23:42:21,797 [8] INFO Libromatico - Info: Libros.Models.Perfil.Selecionar - Parametros: Id: 1
2016-12-03 23:42:21,804 [8] INFO Libromatico - Info: Comienza Metodo: Ubicacion.Seleccionar - Parametros: Id: 1
2016-12-03 23:42:21,815 [8] INFO Libromatico - Info: Ubicacion.Seleccionar - Parametros: Perfil_Id: 1 - lat: -35.42464 - lon: -71.65004
2016-12-03 23:42:21,820 [8] INFO Libromatico - Info: Termina Metodo: Ubicacion.Seleccionar
2016-12-03 23:42:21,829 [8] INFO Libromatico - Info: Perfil. - Result: Id: 1 - Email: email1@mail.cl
2016-12-03 23:42:21,836 [8] INFO Libromatico - Info: Termina Metodo: Perfil.Seleccionar
2016-12-03 23:42:21,847 [8] INFO Libromatico - Info: Comienza Metodo: Perfil.SolicitudesPrestamoEntrantes - Parametros: 
2016-12-03 23:42:21,915 [8] INFO Libromatico - Info: Termina Metodo: Perfil.SolicitudesPrestamoEntrantes
2016-12-03 23:42:21,923 [8] INFO Libromatico - Info: Comienza Metodo: Perfil.SolicitudesPrestamoEntrantes - Parametros: 
2016-12-03 23:42:21,937 [8] INFO Libromatico - Info: Termina Metodo: Perfil.SolicitudesPrestamoEntrantes
2016-12-03 23:42:23,477 [8] INFO Libromatico - Info: Comienza Metodo: Cuenta.Perfiles - Parametros: email1@mail.cl
2016-12-03 23:42:23,488 [8] INFO Libromatico - Info: Cuenta.Perfiles - Result: Id 1
2016-12-03 23:42:23,501 [8] INFO Libromatico - Info: Termina Metodo: Cuenta.Perfiles
2016-12-03 23:42:23,535 [6] INFO Libromatico - Info: Comienza Metodo: Perfil.Seleccionar - Parametros: Id: 1
2016-12-03 23:42:23,558 [6] INFO Libromatico - Info: Libros.Models.Perfil.Selecionar - Parametros: Id: 1
2016-12-03 23:42:23,570 [6] INFO Libromatico - Info: Comienza Metodo: Ubicacion.Seleccionar - Parametros: Id: 1
2016-12-03 23:42:23,583 [6] INFO Libromatico - Info: Ubicacion.Seleccionar - Parametros: Perfil_Id: 1 - lat: -35.42464 - lon: -71.65004
2016-12-03 23:42:23,593 [6] INFO Libromatico - Info: Termina Metodo: Ubicacion.Seleccionar
2016-12-03 23:42:23,601 [6] INFO Libromatico - Info: Perfil. - Result: Id: 1 - Email: email1@mail.cl
2016-12-03 23:42:23,609 [6] INFO Libromatico - Info: Termina Metodo: Perfil.Seleccionar
2016-12-03 23:42:23,619 [6] INFO Libromatico - Info: Comienza Metodo: Perfil.Seleccionar - Parametros: Id: 1
2016-12-03 23:42:23,629 [6] INFO Libromatico - Info: Libros.Models.Perfil.Selecionar - Parametros: Id: 1
2016-12-03 23:42:23,636 [6] INFO Libromatico - Info: Comienza Metodo: Ubicacion.Seleccionar - Parametros: Id: 1
2016-12-03 23:42:23,646 [6] INFO Libromatico - Info: Ubicacion.Seleccionar - Parametros: Perfil_Id: 1 - lat: -35.42464 - lon: -71.65004
2016-12-03 23:42:23,654 [6] INFO Libromatico - Info: Termina Metodo: Ubicacion.Seleccionar
2016-12-03 23:42:23,662 [6] INFO Libromatico - Info: Perfil. - Result: Id: 1 - Email: email1@mail.cl
2016-12-03 23:42:23,670 [6] INFO Libromatico - Info: Termina Metodo: Perfil.Seleccionar
2016-12-03 23:42:23,891 [6] INFO Libromatico - Info: Comienza Metodo: Perfil.Seleccionar - Parametros: Id: 1
2016-12-03 23:42:23,907 [6] INFO Libromatico - Info: Libros.Models.Perfil.Selecionar - Parametros: Id: 1
2016-12-03 23:42:23,921 [6] INFO Libromatico - Info: Comienza Metodo: Ubicacion.Seleccionar - Parametros: Id: 1
2016-12-03 23:42:23,930 [6] INFO Libromatico - Info: Ubicacion.Seleccionar - Parametros: Perfil_Id: 1 - lat: -35.42464 - lon: -71.65004
2016-12-03 23:42:23,938 [6] INFO Libromatico - Info: Termina Metodo: Ubicacion.Seleccionar
2016-12-03 23:42:23,953 [6] INFO Libromatico - Info: Perfil. - Result: Id: 1 - Email: email1@mail.cl
2016-12-03 23:42:23,965 [6] INFO Libromatico - Info: Termina Metodo: Perfil.Seleccionar
2016-12-03 23:42:23,983 [6] INFO Libromatico - Info: Comienza Metodo: Perfil.MisItems - Parametros: 
2016-12-03 23:42:24,016 [6] INFO Libromatico - Info: Perfil.MisItems - Result: Item: Id: 9 - Propietario: 1 - Titulo: Harry Potter y la cámara secreta - EsPrestable: True
2016-12-03 23:42:24,026 [6] INFO Libromatico - Info: Perfil.MisItems - Result: Item: Id: 5 - Propietario: 1 - Titulo: No subas - EsPrestable: False
2016-12-03 23:42:24,038 [6] INFO Libromatico - Info: Perfil.MisItems - Result: Item: Id: 1 - Propietario: 1 - Titulo: Harry Potter y la Piedra Filosofal - EsPrestable: False
2016-12-03 23:42:24,053 [6] INFO Libromatico - Info: Termina Metodo: Perfil.MisItems
2016-12-03 23:42:24,072 [6] INFO Libromatico - Info: Comienza Metodo: Item.Autores - Parametros: 
2016-12-03 23:42:24,201 [6] INFO Libromatico - Info: Item.Autores - Result: Id: 8
2016-12-03 23:42:24,211 [6] INFO Libromatico - Info: Termina Metodo: Item.Autores
2016-12-03 23:42:24,227 [6] INFO Libromatico - Info: Comienza Metodo: Perfil.Seleccionar - Parametros: Id: 1
2016-12-03 23:42:24,252 [6] INFO Libromatico - Info: Libros.Models.Perfil.Selecionar - Parametros: Id: 1
2016-12-03 23:42:24,269 [6] INFO Libromatico - Info: Comienza Metodo: Ubicacion.Seleccionar - Parametros: Id: 1
2016-12-03 23:42:24,295 [6] INFO Libromatico - Info: Ubicacion.Seleccionar - Parametros: Perfil_Id: 1 - lat: -35.42464 - lon: -71.65004
2016-12-03 23:42:24,301 [6] INFO Libromatico - Info: Termina Metodo: Ubicacion.Seleccionar
2016-12-03 23:42:24,308 [6] INFO Libromatico - Info: Perfil. - Result: Id: 1 - Email: email1@mail.cl
2016-12-03 23:42:24,317 [6] INFO Libromatico - Info: Termina Metodo: Perfil.Seleccionar
2016-12-03 23:42:24,325 [6] INFO Libromatico - Info: Comienza Metodo: Item.Prestamo_Id_Item - Parametros: Id: 1
2016-12-03 23:42:24,350 [6] INFO Libromatico - Info: Termina Metodo: Item.Prestamo_Id_Item
2016-12-03 23:42:24,357 [6] INFO Libromatico - Info: Comienza Metodo: Prestamo.Seleccionar - Parametros: Id: 0
2016-12-03 23:42:24,366 [6] INFO Libromatico - Info: Termina Metodo: Prestamo.Seleccionar
2016-12-03 23:42:24,372 [6] INFO Libromatico - Info: Comienza Metodo: Item.Autores - Parametros: 
2016-12-03 23:42:24,383 [6] INFO Libromatico - Info: Item.Autores - Result: Id: 7
2016-12-03 23:42:24,391 [6] INFO Libromatico - Info: Item.Autores - Result: Id: 1
2016-12-03 23:42:24,399 [6] INFO Libromatico - Info: Termina Metodo: Item.Autores
2016-12-03 23:42:24,408 [6] INFO Libromatico - Info: Comienza Metodo: Perfil.Seleccionar - Parametros: Id: 1
2016-12-03 23:42:24,416 [6] INFO Libromatico - Info: Libros.Models.Perfil.Selecionar - Parametros: Id: 1
2016-12-03 23:42:24,424 [6] INFO Libromatico - Info: Comienza Metodo: Ubicacion.Seleccionar - Parametros: Id: 1
2016-12-03 23:42:24,434 [6] INFO Libromatico - Info: Ubicacion.Seleccionar - Parametros: Perfil_Id: 1 - lat: -35.42464 - lon: -71.65004
2016-12-03 23:42:24,440 [6] INFO Libromatico - Info: Termina Metodo: Ubicacion.Seleccionar
2016-12-03 23:42:24,448 [6] INFO Libromatico - Info: Perfil. - Result: Id: 1 - Email: email1@mail.cl
2016-12-03 23:42:24,456 [6] INFO Libromatico - Info: Termina Metodo: Perfil.Seleccionar
2016-12-03 23:42:24,465 [6] INFO Libromatico - Info: Comienza Metodo: Item.Prestamo_Id_Item - Parametros: Id: 1
2016-12-03 23:42:24,475 [6] INFO Libromatico - Info: Termina Metodo: Item.Prestamo_Id_Item
2016-12-03 23:42:24,484 [6] INFO Libromatico - Info: Comienza Metodo: Prestamo.Seleccionar - Parametros: Id: 0
2016-12-03 23:42:24,492 [6] INFO Libromatico - Info: Termina Metodo: Prestamo.Seleccionar
2016-12-03 23:42:24,501 [6] INFO Libromatico - Info: Comienza Metodo: Item.Autores - Parametros: 
2016-12-03 23:42:24,519 [6] INFO Libromatico - Info: Item.Autores - Result: Id: 8
2016-12-03 23:42:24,579 [6] INFO Libromatico - Info: Termina Metodo: Item.Autores
2016-12-03 23:42:24,588 [6] INFO Libromatico - Info: Comienza Metodo: Perfil.Seleccionar - Parametros: Id: 1
2016-12-03 23:42:24,598 [6] INFO Libromatico - Info: Libros.Models.Perfil.Selecionar - Parametros: Id: 1
2016-12-03 23:42:24,605 [6] INFO Libromatico - Info: Comienza Metodo: Ubicacion.Seleccionar - Parametros: Id: 1
2016-12-03 23:42:24,614 [6] INFO Libromatico - Info: Ubicacion.Seleccionar - Parametros: Perfil_Id: 1 - lat: -35.42464 - lon: -71.65004
2016-12-03 23:42:24,623 [6] INFO Libromatico - Info: Termina Metodo: Ubicacion.Seleccionar
2016-12-03 23:42:24,631 [6] INFO Libromatico - Info: Perfil. - Result: Id: 1 - Email: email1@mail.cl
2016-12-03 23:42:24,638 [6] INFO Libromatico - Info: Termina Metodo: Perfil.Seleccionar
2016-12-03 23:42:24,648 [6] INFO Libromatico - Info: Comienza Metodo: Item.Prestamo_Id_Item - Parametros: Id: 1
2016-12-03 23:42:24,658 [6] INFO Libromatico - Info: Item.Prestamo_Id_Item - Result: Id: 14
2016-12-03 23:42:24,666 [6] INFO Libromatico - Info: Termina Metodo: Item.Prestamo_Id_Item
2016-12-03 23:42:24,674 [6] INFO Libromatico - Info: Comienza Metodo: Prestamo.Seleccionar - Parametros: Id: 14
2016-12-03 23:42:24,686 [6] INFO Libromatico - Info: Comienza Metodo: Item.Seleccionar - Parametros: Id: 1
2016-12-03 23:42:24,698 [6] INFO Libromatico - Info: Comienza Metodo: Perfil.Seleccionar - Parametros: Id: 1
2016-12-03 23:42:24,710 [6] INFO Libromatico - Info: Libros.Models.Perfil.Selecionar - Parametros: Id: 1
2016-12-03 23:42:24,721 [6] INFO Libromatico - Info: Comienza Metodo: Ubicacion.Seleccionar - Parametros: Id: 1
2016-12-03 23:42:24,736 [6] INFO Libromatico - Info: Ubicacion.Seleccionar - Parametros: Perfil_Id: 1 - lat: -35.42464 - lon: -71.65004
2016-12-03 23:42:24,747 [6] INFO Libromatico - Info: Termina Metodo: Ubicacion.Seleccionar
2016-12-03 23:42:24,754 [6] INFO Libromatico - Info: Perfil. - Result: Id: 1 - Email: email1@mail.cl
2016-12-03 23:42:24,762 [6] INFO Libromatico - Info: Termina Metodo: Perfil.Seleccionar
2016-12-03 23:42:24,773 [6] INFO Libromatico - Info: Item.Seleccionar - Result: Id: 1 - Propietario: 1 - Titulo: Harry Potter y la Piedra Filosofal
2016-12-03 23:42:24,782 [6] INFO Libromatico - Info: Termina Metodo: Item.Seleccionar
2016-12-03 23:42:24,790 [6] INFO Libromatico - Info: Comienza Metodo: Perfil.Seleccionar - Parametros: Id: 2
2016-12-03 23:42:24,799 [6] INFO Libromatico - Info: Libros.Models.Perfil.Selecionar - Parametros: Id: 2
2016-12-03 23:42:24,806 [6] INFO Libromatico - Info: Comienza Metodo: Ubicacion.Seleccionar - Parametros: Id: 2
2016-12-03 23:42:24,817 [6] INFO Libromatico - Info: Ubicacion.Seleccionar - Parametros: Perfil_Id: 2 - lat: -35.0015 - lon: -71.22947
2016-12-03 23:42:24,829 [6] INFO Libromatico - Info: Termina Metodo: Ubicacion.Seleccionar
2016-12-03 23:42:24,840 [6] INFO Libromatico - Info: Perfil. - Result: Id: 2 - Email: email2@mail.cl
2016-12-03 23:42:24,847 [6] INFO Libromatico - Info: Termina Metodo: Perfil.Seleccionar
2016-12-03 23:42:24,854 [6] INFO Libromatico - Info: Comienza Metodo: Perfil.Seleccionar - Parametros: Id: 1
2016-12-03 23:42:24,864 [6] INFO Libromatico - Info: Libros.Models.Perfil.Selecionar - Parametros: Id: 1
2016-12-03 23:42:24,871 [6] INFO Libromatico - Info: Comienza Metodo: Ubicacion.Seleccionar - Parametros: Id: 1
2016-12-03 23:42:24,880 [6] INFO Libromatico - Info: Ubicacion.Seleccionar - Parametros: Perfil_Id: 1 - lat: -35.42464 - lon: -71.65004
2016-12-03 23:42:24,887 [6] INFO Libromatico - Info: Termina Metodo: Ubicacion.Seleccionar
2016-12-03 23:42:24,895 [6] INFO Libromatico - Info: Perfil. - Result: Id: 1 - Email: email1@mail.cl
2016-12-03 23:42:24,902 [6] INFO Libromatico - Info: Termina Metodo: Perfil.Seleccionar
2016-12-03 23:42:24,910 [6] INFO Libromatico - Info: Prestamo.Seleccionar - Parametros: Id: 14 - Estado: Cancelado - Item_Id: 1 - Receptor_Id: 2 - Prestamista_Id: 1
2016-12-03 23:42:24,919 [6] INFO Libromatico - Info: Termina Metodo: Prestamo.Seleccionar
2016-12-03 23:42:25,031 [6] INFO Libromatico - Info: Comienza Metodo: Perfil.Seleccionar - Parametros: Id: 1
2016-12-03 23:42:25,038 [6] INFO Libromatico - Info: Libros.Models.Perfil.Selecionar - Parametros: Id: 1
2016-12-03 23:42:25,046 [6] INFO Libromatico - Info: Comienza Metodo: Ubicacion.Seleccionar - Parametros: Id: 1
2016-12-03 23:42:25,053 [6] INFO Libromatico - Info: Ubicacion.Seleccionar - Parametros: Perfil_Id: 1 - lat: -35.42464 - lon: -71.65004
2016-12-03 23:42:25,059 [6] INFO Libromatico - Info: Termina Metodo: Ubicacion.Seleccionar
2016-12-03 23:42:25,066 [6] INFO Libromatico - Info: Perfil. - Result: Id: 1 - Email: email1@mail.cl
2016-12-03 23:42:25,074 [6] INFO Libromatico - Info: Termina Metodo: Perfil.Seleccionar
2016-12-03 23:42:25,081 [6] INFO Libromatico - Info: Comienza Metodo: Perfil.SolicitudesPrestamoEntrantes - Parametros: 
2016-12-03 23:42:25,088 [6] INFO Libromatico - Info: Termina Metodo: Perfil.SolicitudesPrestamoEntrantes
2016-12-03 23:42:25,096 [6] INFO Libromatico - Info: Comienza Metodo: Perfil.SolicitudesPrestamoEntrantes - Parametros: 
2016-12-03 23:42:25,105 [6] INFO Libromatico - Info: Termina Metodo: Perfil.SolicitudesPrestamoEntrantes
2016-12-03 23:42:34,492 [6] INFO Libromatico - Info: Comienza Metodo: Cuenta.Perfiles - Parametros: email1@mail.cl
2016-12-03 23:42:34,512 [6] INFO Libromatico - Info: Cuenta.Perfiles - Result: Id 1
2016-12-03 23:42:34,526 [6] INFO Libromatico - Info: Termina Metodo: Cuenta.Perfiles
2016-12-03 23:42:34,543 [6] INFO Libromatico - Info: Comienza Metodo: Perfil.Seleccionar - Parametros: Id: 1
2016-12-03 23:42:34,556 [6] INFO Libromatico - Info: Libros.Models.Perfil.Selecionar - Parametros: Id: 1
2016-12-03 23:42:34,562 [6] INFO Libromatico - Info: Comienza Metodo: Ubicacion.Seleccionar - Parametros: Id: 1
2016-12-03 23:42:34,570 [6] INFO Libromatico - Info: Ubicacion.Seleccionar - Parametros: Perfil_Id: 1 - lat: -35.42464 - lon: -71.65004
2016-12-03 23:42:34,577 [6] INFO Libromatico - Info: Termina Metodo: Ubicacion.Seleccionar
2016-12-03 23:42:34,584 [6] INFO Libromatico - Info: Perfil. - Result: Id: 1 - Email: email1@mail.cl
2016-12-03 23:42:34,590 [6] INFO Libromatico - Info: Termina Metodo: Perfil.Seleccionar
2016-12-03 23:42:34,596 [6] INFO Libromatico - Info: Comienza Metodo: Perfil.SolicitudesPrestamoEntrantes - Parametros: 
2016-12-03 23:42:34,604 [6] INFO Libromatico - Info: Termina Metodo: Perfil.SolicitudesPrestamoEntrantes
2016-12-03 23:42:34,612 [6] INFO Libromatico - Info: Comienza Metodo: Perfil.SolicitudesPrestamoEntrantes - Parametros: 
2016-12-03 23:42:34,620 [6] INFO Libromatico - Info: Termina Metodo: Perfil.SolicitudesPrestamoEntrantes
2016-12-03 23:42:39,852 [8] INFO Libromatico - Info: Comienza Metodo: Cuenta.Perfiles - Parametros: email1@mail.cl
2016-12-03 23:42:39,859 [8] INFO Libromatico - Info: Cuenta.Perfiles - Result: Id 1
2016-12-03 23:42:39,866 [8] INFO Libromatico - Info: Termina Metodo: Cuenta.Perfiles
2016-12-03 23:42:42,026 [8] INFO Libromatico - Info: Comienza Metodo: Perfil.Seleccionar - Parametros: Id: 1
2016-12-03 23:42:42,037 [8] INFO Libromatico - Info: Libros.Models.Perfil.Selecionar - Parametros: Id: 1
2016-12-03 23:42:42,047 [8] INFO Libromatico - Info: Comienza Metodo: Ubicacion.Seleccionar - Parametros: Id: 1
2016-12-03 23:42:42,058 [8] INFO Libromatico - Info: Ubicacion.Seleccionar - Parametros: Perfil_Id: 1 - lat: -35.42464 - lon: -71.65004
2016-12-03 23:42:42,068 [8] INFO Libromatico - Info: Termina Metodo: Ubicacion.Seleccionar
2016-12-03 23:42:42,076 [8] INFO Libromatico - Info: Perfil. - Result: Id: 1 - Email: email1@mail.cl
2016-12-03 23:42:42,084 [8] INFO Libromatico - Info: Termina Metodo: Perfil.Seleccionar
2016-12-03 23:42:42,090 [8] INFO Libromatico - Info: Comienza Metodo: Perfil.SolicitudesPrestamoEntrantes - Parametros: 
2016-12-03 23:42:42,099 [8] INFO Libromatico - Info: Termina Metodo: Perfil.SolicitudesPrestamoEntrantes
2016-12-03 23:42:42,106 [8] INFO Libromatico - Info: Comienza Metodo: Perfil.SolicitudesPrestamoEntrantes - Parametros: 
2016-12-03 23:42:42,113 [8] INFO Libromatico - Info: Termina Metodo: Perfil.SolicitudesPrestamoEntrantes
2016-12-03 23:42:52,027 [8] INFO Libromatico - Info: Comienza Metodo: Ubicacion.Crear - Parametros: Perfil_Id: 8 - lat: -33.4625 - lon: -70.6682
2016-12-03 23:42:52,135 [8] INFO Libromatico - Info: Ubicacion.Crear - Result: True
2016-12-03 23:42:52,140 [8] INFO Libromatico - Info: Termina Metodo: Ubicacion.Crear
2016-12-03 23:42:52,149 [8] INFO Libromatico - Info: Perfil.Crear - Result: True - Id: 8
2016-12-03 23:42:52,163 [8] INFO Libromatico - Info: Termina Metodo: Perfil.Crear
2016-12-03 23:42:52,195 [6] INFO Libromatico - Info: Comienza Metodo: Perfil.Seleccionar - Parametros: Id: 8
2016-12-03 23:42:52,203 [6] INFO Libromatico - Info: Libros.Models.Perfil.Selecionar - Parametros: Id: 8
2016-12-03 23:42:52,211 [6] INFO Libromatico - Info: Comienza Metodo: Ubicacion.Seleccionar - Parametros: Id: 8
2016-12-03 23:42:52,219 [6] INFO Libromatico - Info: Ubicacion.Seleccionar - Parametros: Perfil_Id: 8 - lat: -33.4625 - lon: -70.6682
2016-12-03 23:42:52,228 [6] INFO Libromatico - Info: Termina Metodo: Ubicacion.Seleccionar
2016-12-03 23:42:52,235 [6] INFO Libromatico - Info: Perfil. - Result: Id: 8 - Email: email1@mail.cl
2016-12-03 23:42:52,242 [6] INFO Libromatico - Info: Termina Metodo: Perfil.Seleccionar
2016-12-03 23:42:52,250 [6] INFO Libromatico - Info: Comienza Metodo: Perfil.Seleccionar - Parametros: Id: 8
2016-12-03 23:42:52,259 [6] INFO Libromatico - Info: Libros.Models.Perfil.Selecionar - Parametros: Id: 8
2016-12-03 23:42:52,268 [6] INFO Libromatico - Info: Comienza Metodo: Ubicacion.Seleccionar - Parametros: Id: 8
2016-12-03 23:42:52,277 [6] INFO Libromatico - Info: Ubicacion.Seleccionar - Parametros: Perfil_Id: 8 - lat: -33.4625 - lon: -70.6682
2016-12-03 23:42:52,286 [6] INFO Libromatico - Info: Termina Metodo: Ubicacion.Seleccionar
2016-12-03 23:42:52,293 [6] INFO Libromatico - Info: Perfil. - Result: Id: 8 - Email: email1@mail.cl
2016-12-03 23:42:52,303 [6] INFO Libromatico - Info: Termina Metodo: Perfil.Seleccionar
2016-12-03 23:42:52,315 [6] INFO Libromatico - Info: Comienza Metodo: Perfil.Seleccionar - Parametros: Id: 8
2016-12-03 23:42:52,328 [6] INFO Libromatico - Info: Libros.Models.Perfil.Selecionar - Parametros: Id: 8
2016-12-03 23:42:52,335 [6] INFO Libromatico - Info: Comienza Metodo: Ubicacion.Seleccionar - Parametros: Id: 8
2016-12-03 23:42:52,348 [6] INFO Libromatico - Info: Ubicacion.Seleccionar - Parametros: Perfil_Id: 8 - lat: -33.4625 - lon: -70.6682
2016-12-03 23:42:52,355 [6] INFO Libromatico - Info: Termina Metodo: Ubicacion.Seleccionar
2016-12-03 23:42:52,362 [6] INFO Libromatico - Info: Perfil. - Result: Id: 8 - Email: email1@mail.cl
2016-12-03 23:42:52,369 [6] INFO Libromatico - Info: Termina Metodo: Perfil.Seleccionar
2016-12-03 23:42:52,378 [6] INFO Libromatico - Info: Comienza Metodo: Perfil.MisItems - Parametros: 
2016-12-03 23:42:52,387 [6] INFO Libromatico - Info: Termina Metodo: Perfil.MisItems
2016-12-03 23:42:52,395 [6] INFO Libromatico - Info: Comienza Metodo: Perfil.Seleccionar - Parametros: Id: 8
2016-12-03 23:42:52,405 [6] INFO Libromatico - Info: Libros.Models.Perfil.Selecionar - Parametros: Id: 8
2016-12-03 23:42:52,411 [6] INFO Libromatico - Info: Comienza Metodo: Ubicacion.Seleccionar - Parametros: Id: 8
2016-12-03 23:42:52,419 [6] INFO Libromatico - Info: Ubicacion.Seleccionar - Parametros: Perfil_Id: 8 - lat: -33.4625 - lon: -70.6682
2016-12-03 23:42:52,426 [6] INFO Libromatico - Info: Termina Metodo: Ubicacion.Seleccionar
2016-12-03 23:42:52,435 [6] INFO Libromatico - Info: Perfil. - Result: Id: 8 - Email: email1@mail.cl
2016-12-03 23:42:52,443 [6] INFO Libromatico - Info: Termina Metodo: Perfil.Seleccionar
2016-12-03 23:42:52,451 [6] INFO Libromatico - Info: Comienza Metodo: Perfil.SolicitudesPrestamoEntrantes - Parametros: 
2016-12-03 23:42:52,460 [6] INFO Libromatico - Info: Termina Metodo: Perfil.SolicitudesPrestamoEntrantes
2016-12-03 23:42:52,468 [6] INFO Libromatico - Info: Comienza Metodo: Perfil.SolicitudesPrestamoEntrantes - Parametros: 
2016-12-03 23:42:52,477 [6] INFO Libromatico - Info: Termina Metodo: Perfil.SolicitudesPrestamoEntrantes
2016-12-03 23:42:58,947 [6] INFO Libromatico - Info: Comienza Metodo: Perfil.Seleccionar - Parametros: Id: 8
2016-12-03 23:42:58,965 [6] INFO Libromatico - Info: Libros.Models.Perfil.Selecionar - Parametros: Id: 8
2016-12-03 23:42:58,974 [6] INFO Libromatico - Info: Comienza Metodo: Ubicacion.Seleccionar - Parametros: Id: 8
2016-12-03 23:42:59,123 [6] INFO Libromatico - Info: Ubicacion.Seleccionar - Parametros: Perfil_Id: 8 - lat: -33.4625 - lon: -70.6682
2016-12-03 23:42:59,131 [6] INFO Libromatico - Info: Termina Metodo: Ubicacion.Seleccionar
2016-12-03 23:42:59,141 [6] INFO Libromatico - Info: Perfil. - Result: Id: 8 - Email: email1@mail.cl
2016-12-03 23:42:59,149 [6] INFO Libromatico - Info: Termina Metodo: Perfil.Seleccionar
2016-12-03 23:42:59,158 [6] INFO Libromatico - Info: Comienza Metodo: Perfil.SolicitudesPrestamoEntrantes - Parametros: 
2016-12-03 23:42:59,172 [6] INFO Libromatico - Info: Termina Metodo: Perfil.SolicitudesPrestamoEntrantes
2016-12-03 23:42:59,179 [6] INFO Libromatico - Info: Comienza Metodo: Perfil.SolicitudesPrestamoEntrantes - Parametros: 
2016-12-03 23:42:59,191 [6] INFO Libromatico - Info: Termina Metodo: Perfil.SolicitudesPrestamoEntrantes
2016-12-03 23:43:09,354 [8] INFO Libromatico - Info: Comienza Metodo: Perfil.Seleccionar - Parametros: Id: 8
2016-12-03 23:43:09,367 [8] INFO Libromatico - Info: Libros.Models.Perfil.Selecionar - Parametros: Id: 8
2016-12-03 23:43:09,376 [8] INFO Libromatico - Info: Comienza Metodo: Ubicacion.Seleccionar - Parametros: Id: 8
2016-12-03 23:43:09,389 [8] INFO Libromatico - Info: Ubicacion.Seleccionar - Parametros: Perfil_Id: 8 - lat: -33.4625 - lon: -70.6682
2016-12-03 23:43:09,397 [8] INFO Libromatico - Info: Termina Metodo: Ubicacion.Seleccionar
2016-12-03 23:43:09,406 [8] INFO Libromatico - Info: Perfil. - Result: Id: 8 - Email: email1@mail.cl
2016-12-03 23:43:09,416 [8] INFO Libromatico - Info: Termina Metodo: Perfil.Seleccionar
2016-12-03 23:43:09,430 [8] INFO Libromatico - Info: Comienza Metodo: Estanteria.UltimosAgregados - Parametros: Cantidad: 10
2016-12-03 23:43:09,442 [8] INFO Libromatico - Info: Estanteria.UltimosAgregados - Result: Item: Id: 9 - Propietario: 1 - Titulo: Harry Potter y la cámara secreta
2016-12-03 23:43:09,452 [8] INFO Libromatico - Info: Estanteria.UltimosAgregados - Result: Item: Id: 8 - Propietario: 6 - Titulo: Shades of Earth
2016-12-03 23:43:09,464 [8] INFO Libromatico - Info: Estanteria.UltimosAgregados - Result: Item: Id: 7 - Propietario: 4 - Titulo: El angel de la oscuridad
2016-12-03 23:43:09,474 [8] INFO Libromatico - Info: Estanteria.UltimosAgregados - Result: Item: Id: 6 - Propietario: 5 - Titulo: National Geographic
2016-12-03 23:43:09,482 [8] INFO Libromatico - Info: Estanteria.UltimosAgregados - Result: Item: Id: 5 - Propietario: 1 - Titulo: No subas
2016-12-03 23:43:09,488 [8] INFO Libromatico - Info: Estanteria.UltimosAgregados - Result: Item: Id: 4 - Propietario: 4 - Titulo: Un libro para renacer cada día
2016-12-03 23:43:09,495 [8] INFO Libromatico - Info: Estanteria.UltimosAgregados - Result: Item: Id: 3 - Propietario: 3 - Titulo: Cartas desde la isla sky
2016-12-03 23:43:09,501 [8] INFO Libromatico - Info: Estanteria.UltimosAgregados - Result: Item: Id: 2 - Propietario: 2 - Titulo: Papelucho
2016-12-03 23:43:09,508 [8] INFO Libromatico - Info: Estanteria.UltimosAgregados - Result: Item: Id: 1 - Propietario: 1 - Titulo: Harry Potter y la Piedra Filosofal
2016-12-03 23:43:09,515 [8] INFO Libromatico - Info: Termina Metodo: Estanteria.UltimosAgregados
2016-12-03 23:43:09,523 [8] INFO Libromatico - Info: Comienza Metodo: Perfil.Seleccionar - Parametros: Id: 8
2016-12-03 23:43:09,530 [8] INFO Libromatico - Info: Libros.Models.Perfil.Selecionar - Parametros: Id: 8
2016-12-03 23:43:09,537 [8] INFO Libromatico - Info: Comienza Metodo: Ubicacion.Seleccionar - Parametros: Id: 8
2016-12-03 23:43:09,545 [8] INFO Libromatico - Info: Ubicacion.Seleccionar - Parametros: Perfil_Id: 8 - lat: -33.4625 - lon: -70.6682
2016-12-03 23:43:09,552 [8] INFO Libromatico - Info: Termina Metodo: Ubicacion.Seleccionar
2016-12-03 23:43:09,559 [8] INFO Libromatico - Info: Perfil. - Result: Id: 8 - Email: email1@mail.cl
2016-12-03 23:43:09,568 [8] INFO Libromatico - Info: Termina Metodo: Perfil.Seleccionar
2016-12-03 23:43:09,577 [8] INFO Libromatico - Info: Comienza Metodo: Perfil.SolicitudesPrestamoEntrantes - Parametros: 
2016-12-03 23:43:09,588 [8] INFO Libromatico - Info: Termina Metodo: Perfil.SolicitudesPrestamoEntrantes
2016-12-03 23:43:09,597 [8] INFO Libromatico - Info: Comienza Metodo: Perfil.SolicitudesPrestamoEntrantes - Parametros: 
2016-12-03 23:43:09,609 [8] INFO Libromatico - Info: Termina Metodo: Perfil.SolicitudesPrestamoEntrantes
2016-12-03 23:43:16,437 [6] INFO Libromatico - Info: Comienza Metodo: Perfil.Seleccionar - Parametros: Id: 8
2016-12-03 23:43:16,444 [6] INFO Libromatico - Info: Libros.Models.Perfil.Selecionar - Parametros: Id: 8
2016-12-03 23:43:16,452 [6] INFO Libromatico - Info: Comienza Metodo: Ubicacion.Seleccionar - Parametros: Id: 8
2016-12-03 23:43:16,459 [6] INFO Libromatico - Info: Ubicacion.Seleccionar - Parametros: Perfil_Id: 8 - lat: -33.4625 - lon: -70.6682
2016-12-03 23:43:16,468 [6] INFO Libromatico - Info: Termina Metodo: Ubicacion.Seleccionar
2016-12-03 23:43:16,475 [6] INFO Libromatico - Info: Perfil. - Result: Id: 8 - Email: email1@mail.cl
2016-12-03 23:43:16,482 [6] INFO Libromatico - Info: Termina Metodo: Perfil.Seleccionar
2016-12-03 23:43:16,509 [6] INFO Libromatico - Info: Comienza Metodo: Estanteria.LosMasVisto - Parametros: Cantidad: 10
2016-12-03 23:43:16,525 [6] INFO Libromatico - Info: Estanteria.UltimosAgregados - Result: Item: Id: 1 - Propietario: 1 - Titulo: Harry Potter y la Piedra Filosofal
2016-12-03 23:43:16,534 [6] INFO Libromatico - Info: Estanteria.UltimosAgregados - Result: Item: Id: 2 - Propietario: 2 - Titulo: Papelucho
2016-12-03 23:43:16,543 [6] INFO Libromatico - Info: Estanteria.UltimosAgregados - Result: Item: Id: 3 - Propietario: 3 - Titulo: Cartas desde la isla sky
2016-12-03 23:43:16,561 [6] INFO Libromatico - Info: Estanteria.UltimosAgregados - Result: Item: Id: 4 - Propietario: 4 - Titulo: Un libro para renacer cada día
2016-12-03 23:43:16,572 [6] INFO Libromatico - Info: Estanteria.UltimosAgregados - Result: Item: Id: 5 - Propietario: 1 - Titulo: No subas
2016-12-03 23:43:16,579 [6] INFO Libromatico - Info: Estanteria.UltimosAgregados - Result: Item: Id: 6 - Propietario: 5 - Titulo: National Geographic
2016-12-03 23:43:16,586 [6] INFO Libromatico - Info: Estanteria.UltimosAgregados - Result: Item: Id: 7 - Propietario: 4 - Titulo: El angel de la oscuridad
2016-12-03 23:43:16,593 [6] INFO Libromatico - Info: Estanteria.UltimosAgregados - Result: Item: Id: 8 - Propietario: 6 - Titulo: Shades of Earth
2016-12-03 23:43:16,608 [6] INFO Libromatico - Info: Estanteria.UltimosAgregados - Result: Item: Id: 9 - Propietario: 1 - Titulo: Harry Potter y la cámara secreta
2016-12-03 23:43:16,617 [6] INFO Libromatico - Info: Termina Metodo: Estanteria.LosMasVisto
2016-12-03 23:43:16,625 [6] INFO Libromatico - Info: Comienza Metodo: Estanteria.LosMasGenerosos - Parametros: Cantidad: 10
2016-12-03 23:43:16,691 [6] INFO Libromatico - Info: Estanteria.LosMasGenerosos - Result: Id: 3
2016-12-03 23:43:16,697 [6] INFO Libromatico - Info: Estanteria.LosMasGenerosos - Result: Id: 6
2016-12-03 23:43:16,704 [6] INFO Libromatico - Info: Termina Metodo: Estanteria.LosMasGenerosos
2016-12-03 23:43:16,715 [6] INFO Libromatico - Info: Comienza Metodo: Perfil.Seleccionar - Parametros: Id: 8
2016-12-03 23:43:16,722 [6] INFO Libromatico - Info: Libros.Models.Perfil.Selecionar - Parametros: Id: 8
2016-12-03 23:43:16,728 [6] INFO Libromatico - Info: Comienza Metodo: Ubicacion.Seleccionar - Parametros: Id: 8
2016-12-03 23:43:16,736 [6] INFO Libromatico - Info: Ubicacion.Seleccionar - Parametros: Perfil_Id: 8 - lat: -33.4625 - lon: -70.6682
2016-12-03 23:43:16,748 [6] INFO Libromatico - Info: Termina Metodo: Ubicacion.Seleccionar
2016-12-03 23:43:16,756 [6] INFO Libromatico - Info: Perfil. - Result: Id: 8 - Email: email1@mail.cl
2016-12-03 23:43:16,769 [6] INFO Libromatico - Info: Termina Metodo: Perfil.Seleccionar
2016-12-03 23:43:16,783 [6] INFO Libromatico - Info: Comienza Metodo: Perfil.SolicitudesPrestamoEntrantes - Parametros: 
2016-12-03 23:43:16,791 [6] INFO Libromatico - Info: Termina Metodo: Perfil.SolicitudesPrestamoEntrantes
2016-12-03 23:43:16,801 [6] INFO Libromatico - Info: Comienza Metodo: Perfil.SolicitudesPrestamoEntrantes - Parametros: 
2016-12-03 23:43:16,814 [6] INFO Libromatico - Info: Termina Metodo: Perfil.SolicitudesPrestamoEntrantes
2016-12-03 23:43:22,478 [7] INFO Libromatico - Info: Comienza Metodo: Perfil.Seleccionar - Parametros: Id: 8
2016-12-03 23:43:22,487 [7] INFO Libromatico - Info: Libros.Models.Perfil.Selecionar - Parametros: Id: 8
2016-12-03 23:43:22,493 [7] INFO Libromatico - Info: Comienza Metodo: Ubicacion.Seleccionar - Parametros: Id: 8
2016-12-03 23:43:22,503 [7] INFO Libromatico - Info: Ubicacion.Seleccionar - Parametros: Perfil_Id: 8 - lat: -33.4625 - lon: -70.6682
2016-12-03 23:43:22,510 [7] INFO Libromatico - Info: Termina Metodo: Ubicacion.Seleccionar
2016-12-03 23:43:22,516 [7] INFO Libromatico - Info: Perfil. - Result: Id: 8 - Email: email1@mail.cl
2016-12-03 23:43:22,523 [7] INFO Libromatico - Info: Termina Metodo: Perfil.Seleccionar
2016-12-03 23:43:22,533 [7] INFO Libromatico - Info: Comienza Metodo: Perfil.Seleccionar - Parametros: Id: 8
2016-12-03 23:43:22,541 [7] INFO Libromatico - Info: Libros.Models.Perfil.Selecionar - Parametros: Id: 8
2016-12-03 23:43:22,550 [7] INFO Libromatico - Info: Comienza Metodo: Ubicacion.Seleccionar - Parametros: Id: 8
2016-12-03 23:43:22,564 [7] INFO Libromatico - Info: Ubicacion.Seleccionar - Parametros: Perfil_Id: 8 - lat: -33.4625 - lon: -70.6682
2016-12-03 23:43:22,572 [7] INFO Libromatico - Info: Termina Metodo: Ubicacion.Seleccionar
2016-12-03 23:43:22,580 [7] INFO Libromatico - Info: Perfil. - Result: Id: 8 - Email: email1@mail.cl
2016-12-03 23:43:22,586 [7] INFO Libromatico - Info: Termina Metodo: Perfil.Seleccionar
2016-12-03 23:43:22,594 [7] INFO Libromatico - Info: Comienza Metodo: Perfil.Seleccionar - Parametros: Id: 8
2016-12-03 23:43:22,602 [7] INFO Libromatico - Info: Libros.Models.Perfil.Selecionar - Parametros: Id: 8
2016-12-03 23:43:22,608 [7] INFO Libromatico - Info: Comienza Metodo: Ubicacion.Seleccionar - Parametros: Id: 8
2016-12-03 23:43:22,615 [7] INFO Libromatico - Info: Ubicacion.Seleccionar - Parametros: Perfil_Id: 8 - lat: -33.4625 - lon: -70.6682
2016-12-03 23:43:22,621 [7] INFO Libromatico - Info: Termina Metodo: Ubicacion.Seleccionar
2016-12-03 23:43:22,627 [7] INFO Libromatico - Info: Perfil. - Result: Id: 8 - Email: email1@mail.cl
2016-12-03 23:43:22,634 [7] INFO Libromatico - Info: Termina Metodo: Perfil.Seleccionar
2016-12-03 23:43:22,640 [7] INFO Libromatico - Info: Comienza Metodo: Perfil.MisItems - Parametros: 
2016-12-03 23:43:22,647 [7] INFO Libromatico - Info: Termina Metodo: Perfil.MisItems
2016-12-03 23:43:22,655 [7] INFO Libromatico - Info: Comienza Metodo: Perfil.Seleccionar - Parametros: Id: 8
2016-12-03 23:43:22,663 [7] INFO Libromatico - Info: Libros.Models.Perfil.Selecionar - Parametros: Id: 8
2016-12-03 23:43:22,669 [7] INFO Libromatico - Info: Comienza Metodo: Ubicacion.Seleccionar - Parametros: Id: 8
2016-12-03 23:43:22,676 [7] INFO Libromatico - Info: Ubicacion.Seleccionar - Parametros: Perfil_Id: 8 - lat: -33.4625 - lon: -70.6682
2016-12-03 23:43:22,684 [7] INFO Libromatico - Info: Termina Metodo: Ubicacion.Seleccionar
2016-12-03 23:43:22,689 [7] INFO Libromatico - Info: Perfil. - Result: Id: 8 - Email: email1@mail.cl
2016-12-03 23:43:22,696 [7] INFO Libromatico - Info: Termina Metodo: Perfil.Seleccionar
2016-12-03 23:43:22,702 [7] INFO Libromatico - Info: Comienza Metodo: Perfil.SolicitudesPrestamoEntrantes - Parametros: 
2016-12-03 23:43:22,711 [7] INFO Libromatico - Info: Termina Metodo: Perfil.SolicitudesPrestamoEntrantes
2016-12-03 23:43:22,717 [7] INFO Libromatico - Info: Comienza Metodo: Perfil.SolicitudesPrestamoEntrantes - Parametros: 
2016-12-03 23:43:22,724 [7] INFO Libromatico - Info: Termina Metodo: Perfil.SolicitudesPrestamoEntrantes
2016-12-03 23:43:33,136 [8] INFO Libromatico - Info: Comienza Metodo: Perfil.Seleccionar - Parametros: Id: 8
2016-12-03 23:43:33,156 [8] INFO Libromatico - Info: Libros.Models.Perfil.Selecionar - Parametros: Id: 8
2016-12-03 23:43:33,167 [8] INFO Libromatico - Info: Comienza Metodo: Ubicacion.Seleccionar - Parametros: Id: 8
2016-12-03 23:43:33,178 [8] INFO Libromatico - Info: Ubicacion.Seleccionar - Parametros: Perfil_Id: 8 - lat: -33.4625 - lon: -70.6682
2016-12-03 23:43:33,186 [8] INFO Libromatico - Info: Termina Metodo: Ubicacion.Seleccionar
2016-12-03 23:43:33,195 [8] INFO Libromatico - Info: Perfil. - Result: Id: 8 - Email: email1@mail.cl
2016-12-03 23:43:33,203 [8] INFO Libromatico - Info: Termina Metodo: Perfil.Seleccionar
2016-12-03 23:43:33,212 [8] INFO Libromatico - Info: Comienza Metodo: Estanteria.LosMasVisto - Parametros: Cantidad: 10
2016-12-03 23:43:33,221 [8] INFO Libromatico - Info: Estanteria.UltimosAgregados - Result: Item: Id: 1 - Propietario: 1 - Titulo: Harry Potter y la Piedra Filosofal
2016-12-03 23:43:33,231 [8] INFO Libromatico - Info: Estanteria.UltimosAgregados - Result: Item: Id: 2 - Propietario: 2 - Titulo: Papelucho
2016-12-03 23:43:33,239 [8] INFO Libromatico - Info: Estanteria.UltimosAgregados - Result: Item: Id: 3 - Propietario: 3 - Titulo: Cartas desde la isla sky
2016-12-03 23:43:33,247 [8] INFO Libromatico - Info: Estanteria.UltimosAgregados - Result: Item: Id: 4 - Propietario: 4 - Titulo: Un libro para renacer cada día
2016-12-03 23:43:33,255 [8] INFO Libromatico - Info: Estanteria.UltimosAgregados - Result: Item: Id: 5 - Propietario: 1 - Titulo: No subas
2016-12-03 23:43:33,263 [8] INFO Libromatico - Info: Estanteria.UltimosAgregados - Result: Item: Id: 6 - Propietario: 5 - Titulo: National Geographic
2016-12-03 23:43:33,271 [8] INFO Libromatico - Info: Estanteria.UltimosAgregados - Result: Item: Id: 7 - Propietario: 4 - Titulo: El angel de la oscuridad
2016-12-03 23:43:33,279 [8] INFO Libromatico - Info: Estanteria.UltimosAgregados - Result: Item: Id: 8 - Propietario: 6 - Titulo: Shades of Earth
2016-12-03 23:43:33,287 [8] INFO Libromatico - Info: Estanteria.UltimosAgregados - Result: Item: Id: 9 - Propietario: 1 - Titulo: Harry Potter y la cámara secreta
2016-12-03 23:43:33,298 [8] INFO Libromatico - Info: Termina Metodo: Estanteria.LosMasVisto
2016-12-03 23:43:33,308 [8] INFO Libromatico - Info: Comienza Metodo: Estanteria.LosMasGenerosos - Parametros: Cantidad: 10
2016-12-03 23:43:33,319 [8] INFO Libromatico - Info: Estanteria.LosMasGenerosos - Result: Id: 3
2016-12-03 23:43:33,326 [8] INFO Libromatico - Info: Estanteria.LosMasGenerosos - Result: Id: 6
2016-12-03 23:43:33,334 [8] INFO Libromatico - Info: Termina Metodo: Estanteria.LosMasGenerosos
2016-12-03 23:43:33,350 [8] INFO Libromatico - Info: Comienza Metodo: Perfil.Seleccionar - Parametros: Id: 8
2016-12-03 23:43:33,365 [8] INFO Libromatico - Info: Libros.Models.Perfil.Selecionar - Parametros: Id: 8
2016-12-03 23:43:33,372 [8] INFO Libromatico - Info: Comienza Metodo: Ubicacion.Seleccionar - Parametros: Id: 8
2016-12-03 23:43:33,383 [8] INFO Libromatico - Info: Ubicacion.Seleccionar - Parametros: Perfil_Id: 8 - lat: -33.4625 - lon: -70.6682
2016-12-03 23:43:33,391 [8] INFO Libromatico - Info: Termina Metodo: Ubicacion.Seleccionar
2016-12-03 23:43:33,400 [8] INFO Libromatico - Info: Perfil. - Result: Id: 8 - Email: email1@mail.cl
2016-12-03 23:43:33,409 [8] INFO Libromatico - Info: Termina Metodo: Perfil.Seleccionar
2016-12-03 23:43:33,418 [8] INFO Libromatico - Info: Comienza Metodo: Perfil.SolicitudesPrestamoEntrantes - Parametros: 
2016-12-03 23:43:33,427 [8] INFO Libromatico - Info: Termina Metodo: Perfil.SolicitudesPrestamoEntrantes
2016-12-03 23:43:33,436 [8] INFO Libromatico - Info: Comienza Metodo: Perfil.SolicitudesPrestamoEntrantes - Parametros: 
2016-12-03 23:43:33,448 [8] INFO Libromatico - Info: Termina Metodo: Perfil.SolicitudesPrestamoEntrantes
2016-12-03 23:43:34,686 [8] INFO Libromatico - Info: Comienza Metodo: Perfil.Seleccionar - Parametros: Id: 8
2016-12-03 23:43:34,697 [8] INFO Libromatico - Info: Libros.Models.Perfil.Selecionar - Parametros: Id: 8
2016-12-03 23:43:34,705 [8] INFO Libromatico - Info: Comienza Metodo: Ubicacion.Seleccionar - Parametros: Id: 8
2016-12-03 23:43:34,715 [8] INFO Libromatico - Info: Ubicacion.Seleccionar - Parametros: Perfil_Id: 8 - lat: -33.4625 - lon: -70.6682
2016-12-03 23:43:34,723 [8] INFO Libromatico - Info: Termina Metodo: Ubicacion.Seleccionar
2016-12-03 23:43:34,730 [8] INFO Libromatico - Info: Perfil. - Result: Id: 8 - Email: email1@mail.cl
2016-12-03 23:43:34,737 [8] INFO Libromatico - Info: Termina Metodo: Perfil.Seleccionar
2016-12-03 23:43:34,748 [8] INFO Libromatico - Info: Comienza Metodo: Estanteria.UltimosAgregados - Parametros: Cantidad: 10
2016-12-03 23:43:34,789 [8] INFO Libromatico - Info: Estanteria.UltimosAgregados - Result: Item: Id: 9 - Propietario: 1 - Titulo: Harry Potter y la cámara secreta
2016-12-03 23:43:34,813 [8] INFO Libromatico - Info: Estanteria.UltimosAgregados - Result: Item: Id: 8 - Propietario: 6 - Titulo: Shades of Earth
2016-12-03 23:43:34,820 [8] INFO Libromatico - Info: Estanteria.UltimosAgregados - Result: Item: Id: 7 - Propietario: 4 - Titulo: El angel de la oscuridad
2016-12-03 23:43:34,828 [8] INFO Libromatico - Info: Estanteria.UltimosAgregados - Result: Item: Id: 6 - Propietario: 5 - Titulo: National Geographic
2016-12-03 23:43:34,836 [8] INFO Libromatico - Info: Estanteria.UltimosAgregados - Result: Item: Id: 5 - Propietario: 1 - Titulo: No subas
2016-12-03 23:43:34,844 [8] INFO Libromatico - Info: Estanteria.UltimosAgregados - Result: Item: Id: 4 - Propietario: 4 - Titulo: Un libro para renacer cada día
2016-12-03 23:43:34,851 [8] INFO Libromatico - Info: Estanteria.UltimosAgregados - Result: Item: Id: 3 - Propietario: 3 - Titulo: Cartas desde la isla sky
2016-12-03 23:43:34,858 [8] INFO Libromatico - Info: Estanteria.UltimosAgregados - Result: Item: Id: 2 - Propietario: 2 - Titulo: Papelucho
2016-12-03 23:43:34,866 [8] INFO Libromatico - Info: Estanteria.UltimosAgregados - Result: Item: Id: 1 - Propietario: 1 - Titulo: Harry Potter y la Piedra Filosofal
2016-12-03 23:43:34,874 [8] INFO Libromatico - Info: Termina Metodo: Estanteria.UltimosAgregados
2016-12-03 23:43:34,883 [8] INFO Libromatico - Info: Comienza Metodo: Perfil.Seleccionar - Parametros: Id: 8
2016-12-03 23:43:34,892 [8] INFO Libromatico - Info: Libros.Models.Perfil.Selecionar - Parametros: Id: 8
2016-12-03 23:43:34,900 [8] INFO Libromatico - Info: Comienza Metodo: Ubicacion.Seleccionar - Parametros: Id: 8
2016-12-03 23:43:34,909 [8] INFO Libromatico - Info: Ubicacion.Seleccionar - Parametros: Perfil_Id: 8 - lat: -33.4625 - lon: -70.6682
2016-12-03 23:43:34,916 [8] INFO Libromatico - Info: Termina Metodo: Ubicacion.Seleccionar
2016-12-03 23:43:34,923 [8] INFO Libromatico - Info: Perfil. - Result: Id: 8 - Email: email1@mail.cl
2016-12-03 23:43:34,931 [8] INFO Libromatico - Info: Termina Metodo: Perfil.Seleccionar
2016-12-03 23:43:34,938 [8] INFO Libromatico - Info: Comienza Metodo: Perfil.SolicitudesPrestamoEntrantes - Parametros: 
2016-12-03 23:43:34,946 [8] INFO Libromatico - Info: Termina Metodo: Perfil.SolicitudesPrestamoEntrantes
2016-12-03 23:43:34,953 [8] INFO Libromatico - Info: Comienza Metodo: Perfil.SolicitudesPrestamoEntrantes - Parametros: 
2016-12-03 23:43:34,966 [8] INFO Libromatico - Info: Termina Metodo: Perfil.SolicitudesPrestamoEntrantes
2016-12-03 23:43:39,707 [8] INFO Libromatico - Info: Comienza Metodo: Estanteria.Buscar - Parametros: Termino:  - Paguina: 1 - CantResult: 10
2016-12-03 23:43:39,739 [8] INFO Libromatico - Info: Estanteria.Buscar - Result: Item: Id: 2 - Propietario: 2 - Titulo: Papelucho
2016-12-03 23:43:39,746 [8] INFO Libromatico - Info: Estanteria.Buscar - Result: Item: Id: 4 - Propietario: 4 - Titulo: Un libro para renacer cada día
2016-12-03 23:43:39,753 [8] INFO Libromatico - Info: Estanteria.Buscar - Result: Item: Id: 6 - Propietario: 5 - Titulo: National Geographic
2016-12-03 23:43:39,760 [8] INFO Libromatico - Info: Estanteria.Buscar - Result: Item: Id: 8 - Propietario: 6 - Titulo: Shades of Earth
2016-12-03 23:43:39,768 [8] INFO Libromatico - Info: Estanteria.Buscar - Result: Item: Id: 9 - Propietario: 1 - Titulo: Harry Potter y la cámara secreta
2016-12-03 23:43:39,776 [8] INFO Libromatico - Info: Termina Metodo: Estanteria.Buscar
2016-12-03 23:43:39,831 [8] INFO Libromatico - Info: Comienza Metodo: Perfil.Seleccionar - Parametros: Id: 8
2016-12-03 23:43:39,838 [8] INFO Libromatico - Info: Libros.Models.Perfil.Selecionar - Parametros: Id: 8
2016-12-03 23:43:39,845 [8] INFO Libromatico - Info: Comienza Metodo: Ubicacion.Seleccionar - Parametros: Id: 8
2016-12-03 23:43:39,853 [8] INFO Libromatico - Info: Ubicacion.Seleccionar - Parametros: Perfil_Id: 8 - lat: -33.4625 - lon: -70.6682
2016-12-03 23:43:39,863 [8] INFO Libromatico - Info: Termina Metodo: Ubicacion.Seleccionar
2016-12-03 23:43:39,873 [8] INFO Libromatico - Info: Perfil. - Result: Id: 8 - Email: email1@mail.cl
2016-12-03 23:43:39,882 [8] INFO Libromatico - Info: Termina Metodo: Perfil.Seleccionar
2016-12-03 23:43:39,891 [8] INFO Libromatico - Info: Comienza Metodo: Perfil.SolicitudesPrestamoEntrantes - Parametros: 
2016-12-03 23:43:39,904 [8] INFO Libromatico - Info: Termina Metodo: Perfil.SolicitudesPrestamoEntrantes
2016-12-03 23:43:39,915 [8] INFO Libromatico - Info: Comienza Metodo: Perfil.SolicitudesPrestamoEntrantes - Parametros: 
2016-12-03 23:43:39,932 [8] INFO Libromatico - Info: Termina Metodo: Perfil.SolicitudesPrestamoEntrantes
2016-12-03 23:44:48,529 [8] INFO Libromatico - Info: Comienza Metodo: Perfil.Seleccionar - Parametros: Id: 8
2016-12-03 23:44:48,543 [8] INFO Libromatico - Info: Libros.Models.Perfil.Selecionar - Parametros: Id: 8
2016-12-03 23:44:48,553 [8] INFO Libromatico - Info: Comienza Metodo: Ubicacion.Seleccionar - Parametros: Id: 8
2016-12-03 23:44:48,562 [8] INFO Libromatico - Info: Ubicacion.Seleccionar - Parametros: Perfil_Id: 8 - lat: -33.4625 - lon: -70.6682
2016-12-03 23:44:48,570 [8] INFO Libromatico - Info: Termina Metodo: Ubicacion.Seleccionar
2016-12-03 23:44:48,581 [8] INFO Libromatico - Info: Perfil. - Result: Id: 8 - Email: email1@mail.cl
2016-12-03 23:44:48,588 [8] INFO Libromatico - Info: Termina Metodo: Perfil.Seleccionar
2016-12-03 23:44:48,601 [8] INFO Libromatico - Info: Comienza Metodo: Estanteria.UltimosAgregados - Parametros: Cantidad: 10
2016-12-03 23:44:48,611 [8] INFO Libromatico - Info: Estanteria.UltimosAgregados - Result: Item: Id: 9 - Propietario: 1 - Titulo: Harry Potter y la cámara secreta
2016-12-03 23:44:48,612 [8] INFO Libromatico - Info: Estanteria.UltimosAgregados - Result: Item: Id: 8 - Propietario: 6 - Titulo: Shades of Earth
2016-12-03 23:44:48,621 [8] INFO Libromatico - Info: Estanteria.UltimosAgregados - Result: Item: Id: 7 - Propietario: 4 - Titulo: El angel de la oscuridad
2016-12-03 23:44:48,628 [8] INFO Libromatico - Info: Estanteria.UltimosAgregados - Result: Item: Id: 6 - Propietario: 5 - Titulo: National Geographic
2016-12-03 23:44:48,635 [8] INFO Libromatico - Info: Estanteria.UltimosAgregados - Result: Item: Id: 5 - Propietario: 1 - Titulo: No subas
2016-12-03 23:44:48,643 [8] INFO Libromatico - Info: Estanteria.UltimosAgregados - Result: Item: Id: 4 - Propietario: 4 - Titulo: Un libro para renacer cada día
2016-12-03 23:44:48,649 [8] INFO Libromatico - Info: Estanteria.UltimosAgregados - Result: Item: Id: 3 - Propietario: 3 - Titulo: Cartas desde la isla sky
2016-12-03 23:44:48,656 [8] INFO Libromatico - Info: Estanteria.UltimosAgregados - Result: Item: Id: 2 - Propietario: 2 - Titulo: Papelucho
2016-12-03 23:44:48,662 [8] INFO Libromatico - Info: Estanteria.UltimosAgregados - Result: Item: Id: 1 - Propietario: 1 - Titulo: Harry Potter y la Piedra Filosofal
2016-12-03 23:44:48,670 [8] INFO Libromatico - Info: Termina Metodo: Estanteria.UltimosAgregados
2016-12-03 23:44:48,678 [8] INFO Libromatico - Info: Comienza Metodo: Perfil.Seleccionar - Parametros: Id: 8
2016-12-03 23:44:48,685 [8] INFO Libromatico - Info: Libros.Models.Perfil.Selecionar - Parametros: Id: 8
2016-12-03 23:44:48,694 [8] INFO Libromatico - Info: Comienza Metodo: Ubicacion.Seleccionar - Parametros: Id: 8
2016-12-03 23:44:48,703 [8] INFO Libromatico - Info: Ubicacion.Seleccionar - Parametros: Perfil_Id: 8 - lat: -33.4625 - lon: -70.6682
2016-12-03 23:44:48,710 [8] INFO Libromatico - Info: Termina Metodo: Ubicacion.Seleccionar
2016-12-03 23:44:48,719 [8] INFO Libromatico - Info: Perfil. - Result: Id: 8 - Email: email1@mail.cl
2016-12-03 23:44:48,728 [8] INFO Libromatico - Info: Termina Metodo: Perfil.Seleccionar
2016-12-03 23:44:48,736 [8] INFO Libromatico - Info: Comienza Metodo: Perfil.SolicitudesPrestamoEntrantes - Parametros: 
2016-12-03 23:44:48,751 [8] INFO Libromatico - Info: Termina Metodo: Perfil.SolicitudesPrestamoEntrantes
2016-12-03 23:44:48,761 [8] INFO Libromatico - Info: Comienza Metodo: Perfil.SolicitudesPrestamoEntrantes - Parametros: 
2016-12-03 23:44:48,769 [8] INFO Libromatico - Info: Termina Metodo: Perfil.SolicitudesPrestamoEntrantes
2016-12-03 23:44:56,927 [8] INFO Libromatico - Info: Comienza Metodo: Perfil.Seleccionar - Parametros: Id: 8
2016-12-03 23:44:56,934 [8] INFO Libromatico - Info: Libros.Models.Perfil.Selecionar - Parametros: Id: 8
2016-12-03 23:44:56,941 [8] INFO Libromatico - Info: Comienza Metodo: Ubicacion.Seleccionar - Parametros: Id: 8
2016-12-03 23:44:56,950 [8] INFO Libromatico - Info: Ubicacion.Seleccionar - Parametros: Perfil_Id: 8 - lat: -33.4625 - lon: -70.6682
2016-12-03 23:44:56,957 [8] INFO Libromatico - Info: Termina Metodo: Ubicacion.Seleccionar
2016-12-03 23:44:56,967 [8] INFO Libromatico - Info: Perfil. - Result: Id: 8 - Email: email1@mail.cl
2016-12-03 23:44:56,981 [8] INFO Libromatico - Info: Termina Metodo: Perfil.Seleccionar
2016-12-03 23:44:56,992 [8] INFO Libromatico - Info: Comienza Metodo: Perfil.SolicitudesPrestamoEntrantes - Parametros: 
2016-12-03 23:44:57,002 [8] INFO Libromatico - Info: Termina Metodo: Perfil.SolicitudesPrestamoEntrantes
2016-12-03 23:44:57,011 [8] INFO Libromatico - Info: Comienza Metodo: Perfil.SolicitudesPrestamoEntrantes - Parametros: 
2016-12-03 23:44:57,021 [8] INFO Libromatico - Info: Termina Metodo: Perfil.SolicitudesPrestamoEntrantes
