2017-04-22 16:47:34,076 [1] INFO Libromatico - Aplicación Iniciada
2017-04-22 16:47:38,789 [5] INFO Libromatico - Info: Comienza Metodo: Estanteria.UltimosAgregados - Parametros: Cantidad: 10
2017-04-22 16:47:40,393 [5] INFO Libromatico - Info: Estanteria.UltimosAgregados - Result: Item: Id: 11 - Propietario: 10 - Titulo: sa
2017-04-22 16:47:40,400 [5] INFO Libromatico - Info: Estanteria.UltimosAgregados - Result: Item: Id: 9 - Propietario: 1 - Titulo: Harry Potter y la cámara secreta
2017-04-22 16:47:40,406 [5] INFO Libromatico - Info: Estanteria.UltimosAgregados - Result: Item: Id: 8 - Propietario: 6 - Titulo: Shades of Earth
2017-04-22 16:47:40,411 [5] INFO Libromatico - Info: Estanteria.UltimosAgregados - Result: Item: Id: 7 - Propietario: 4 - Titulo: El angel de la oscuridad
2017-04-22 16:47:40,420 [5] INFO Libromatico - Info: Estanteria.UltimosAgregados - Result: Item: Id: 6 - Propietario: 5 - Titulo: National Geographic
2017-04-22 16:47:40,426 [5] INFO Libromatico - Info: Estanteria.UltimosAgregados - Result: Item: Id: 5 - Propietario: 1 - Titulo: No subas
2017-04-22 16:47:40,432 [5] INFO Libromatico - Info: Estanteria.UltimosAgregados - Result: Item: Id: 4 - Propietario: 4 - Titulo: Un libro para renacer cada día
2017-04-22 16:47:40,438 [5] INFO Libromatico - Info: Estanteria.UltimosAgregados - Result: Item: Id: 3 - Propietario: 3 - Titulo: Cartas desde la isla sky
2017-04-22 16:47:40,445 [5] INFO Libromatico - Info: Estanteria.UltimosAgregados - Result: Item: Id: 2 - Propietario: 2 - Titulo: Papelucho
2017-04-22 16:47:40,451 [5] INFO Libromatico - Info: Estanteria.UltimosAgregados - Result: Item: Id: 1 - Propietario: 10 - Titulo: Harry Potter y la Piedra Filosofal
2017-04-22 16:47:40,458 [5] INFO Libromatico - Info: Termina Metodo: Estanteria.UltimosAgregados
2017-04-22 16:47:52,178 [10] INFO Libromatico - Info: Comienza Metodo: Estanteria.UltimosAgregados - Parametros: Cantidad: 10
2017-04-22 16:47:52,191 [10] INFO Libromatico - Info: Estanteria.UltimosAgregados - Result: Item: Id: 11 - Propietario: 10 - Titulo: sa
2017-04-22 16:47:52,205 [10] INFO Libromatico - Info: Estanteria.UltimosAgregados - Result: Item: Id: 9 - Propietario: 1 - Titulo: Harry Potter y la cámara secreta
2017-04-22 16:47:52,215 [10] INFO Libromatico - Info: Estanteria.UltimosAgregados - Result: Item: Id: 8 - Propietario: 6 - Titulo: Shades of Earth
2017-04-22 16:47:52,223 [10] INFO Libromatico - Info: Estanteria.UltimosAgregados - Result: Item: Id: 7 - Propietario: 4 - Titulo: El angel de la oscuridad
2017-04-22 16:47:52,231 [10] INFO Libromatico - Info: Estanteria.UltimosAgregados - Result: Item: Id: 6 - Propietario: 5 - Titulo: National Geographic
2017-04-22 16:47:52,238 [10] INFO Libromatico - Info: Estanteria.UltimosAgregados - Result: Item: Id: 5 - Propietario: 1 - Titulo: No subas
2017-04-22 16:47:52,251 [10] INFO Libromatico - Info: Estanteria.UltimosAgregados - Result: Item: Id: 4 - Propietario: 4 - Titulo: Un libro para renacer cada día
2017-04-22 16:47:52,260 [10] INFO Libromatico - Info: Estanteria.UltimosAgregados - Result: Item: Id: 3 - Propietario: 3 - Titulo: Cartas desde la isla sky
2017-04-22 16:47:52,270 [10] INFO Libromatico - Info: Estanteria.UltimosAgregados - Result: Item: Id: 2 - Propietario: 2 - Titulo: Papelucho
2017-04-22 16:47:52,277 [10] INFO Libromatico - Info: Estanteria.UltimosAgregados - Result: Item: Id: 1 - Propietario: 10 - Titulo: Harry Potter y la Piedra Filosofal
2017-04-22 16:47:52,296 [10] INFO Libromatico - Info: Termina Metodo: Estanteria.UltimosAgregados
2017-04-22 16:47:55,922 [7] INFO Libromatico - Info: Comienza Metodo: Estanteria.UltimosAgregados - Parametros: Cantidad: 10
2017-04-22 16:47:55,956 [7] INFO Libromatico - Info: Estanteria.UltimosAgregados - Result: Item: Id: 11 - Propietario: 10 - Titulo: sa
2017-04-22 16:47:55,985 [7] INFO Libromatico - Info: Estanteria.UltimosAgregados - Result: Item: Id: 9 - Propietario: 1 - Titulo: Harry Potter y la cámara secreta
2017-04-22 16:47:56,011 [7] INFO Libromatico - Info: Estanteria.UltimosAgregados - Result: Item: Id: 8 - Propietario: 6 - Titulo: Shades of Earth
2017-04-22 16:47:56,026 [7] INFO Libromatico - Info: Estanteria.UltimosAgregados - Result: Item: Id: 7 - Propietario: 4 - Titulo: El angel de la oscuridad
2017-04-22 16:47:56,038 [7] INFO Libromatico - Info: Estanteria.UltimosAgregados - Result: Item: Id: 6 - Propietario: 5 - Titulo: National Geographic
2017-04-22 16:47:56,085 [7] INFO Libromatico - Info: Estanteria.UltimosAgregados - Result: Item: Id: 5 - Propietario: 1 - Titulo: No subas
2017-04-22 16:47:56,108 [7] INFO Libromatico - Info: Estanteria.UltimosAgregados - Result: Item: Id: 4 - Propietario: 4 - Titulo: Un libro para renacer cada día
2017-04-22 16:47:56,130 [7] INFO Libromatico - Info: Estanteria.UltimosAgregados - Result: Item: Id: 3 - Propietario: 3 - Titulo: Cartas desde la isla sky
2017-04-22 16:47:56,141 [7] INFO Libromatico - Info: Estanteria.UltimosAgregados - Result: Item: Id: 2 - Propietario: 2 - Titulo: Papelucho
2017-04-22 16:47:56,157 [7] INFO Libromatico - Info: Estanteria.UltimosAgregados - Result: Item: Id: 1 - Propietario: 10 - Titulo: Harry Potter y la Piedra Filosofal
2017-04-22 16:47:56,178 [7] INFO Libromatico - Info: Termina Metodo: Estanteria.UltimosAgregados
