2017-05-07 21:39:41,436 [1] INFO Libromatico - Aplicación Iniciada
2017-05-07 21:39:45,998 [5] INFO Libromatico - Info: Comienza Metodo: Estanteria.UltimosAgregados - Parametros: Cantidad: 10
2017-05-07 21:39:48,738 [5] INFO Libromatico - Info: Estanteria.UltimosAgregados - Result: Item: Id: 11 - Propietario: 10 - Titulo: sa
2017-05-07 21:39:48,802 [5] INFO Libromatico - Info: Estanteria.UltimosAgregados - Result: Item: Id: 9 - Propietario: 1 - Titulo: Harry Potter y la cámara secreta
2017-05-07 21:39:48,838 [5] INFO Libromatico - Info: Estanteria.UltimosAgregados - Result: Item: Id: 8 - Propietario: 6 - Titulo: Shades of Earth
2017-05-07 21:39:48,860 [5] INFO Libromatico - Info: Estanteria.UltimosAgregados - Result: Item: Id: 7 - Propietario: 4 - Titulo: El angel de la oscuridad
2017-05-07 21:39:48,899 [5] INFO Libromatico - Info: Estanteria.UltimosAgregados - Result: Item: Id: 6 - Propietario: 5 - Titulo: National Geographic
2017-05-07 21:39:48,919 [5] INFO Libromatico - Info: Estanteria.UltimosAgregados - Result: Item: Id: 5 - Propietario: 1 - Titulo: No subas
2017-05-07 21:39:48,940 [5] INFO Libromatico - Info: Estanteria.UltimosAgregados - Result: Item: Id: 4 - Propietario: 4 - Titulo: Un libro para renacer cada día
2017-05-07 21:39:48,978 [5] INFO Libromatico - Info: Estanteria.UltimosAgregados - Result: Item: Id: 3 - Propietario: 3 - Titulo: Cartas desde la isla sky
2017-05-07 21:39:48,986 [5] INFO Libromatico - Info: Estanteria.UltimosAgregados - Result: Item: Id: 2 - Propietario: 2 - Titulo: Papelucho
2017-05-07 21:39:49,065 [5] INFO Libromatico - Info: Estanteria.UltimosAgregados - Result: Item: Id: 1 - Propietario: 10 - Titulo: Harry Potter y la Piedra Filosofal
2017-05-07 21:39:49,082 [5] INFO Libromatico - Info: Termina Metodo: Estanteria.UltimosAgregados
2017-05-07 21:40:16,653 [5] INFO Libromatico - Info: Comienza Metodo: Estanteria.UltimosAgregados - Parametros: Cantidad: 10
2017-05-07 21:40:16,691 [5] INFO Libromatico - Info: Estanteria.UltimosAgregados - Result: Item: Id: 11 - Propietario: 10 - Titulo: sa
2017-05-07 21:40:16,735 [5] INFO Libromatico - Info: Estanteria.UltimosAgregados - Result: Item: Id: 9 - Propietario: 1 - Titulo: Harry Potter y la cámara secreta
2017-05-07 21:40:16,749 [5] INFO Libromatico - Info: Estanteria.UltimosAgregados - Result: Item: Id: 8 - Propietario: 6 - Titulo: Shades of Earth
2017-05-07 21:40:16,773 [5] INFO Libromatico - Info: Estanteria.UltimosAgregados - Result: Item: Id: 7 - Propietario: 4 - Titulo: El angel de la oscuridad
2017-05-07 21:40:16,801 [5] INFO Libromatico - Info: Estanteria.UltimosAgregados - Result: Item: Id: 6 - Propietario: 5 - Titulo: National Geographic
2017-05-07 21:40:16,819 [5] INFO Libromatico - Info: Estanteria.UltimosAgregados - Result: Item: Id: 5 - Propietario: 1 - Titulo: No subas
2017-05-07 21:40:16,837 [5] INFO Libromatico - Info: Estanteria.UltimosAgregados - Result: Item: Id: 4 - Propietario: 4 - Titulo: Un libro para renacer cada día
2017-05-07 21:40:16,853 [5] INFO Libromatico - Info: Estanteria.UltimosAgregados - Result: Item: Id: 3 - Propietario: 3 - Titulo: Cartas desde la isla sky
2017-05-07 21:40:16,867 [5] INFO Libromatico - Info: Estanteria.UltimosAgregados - Result: Item: Id: 2 - Propietario: 2 - Titulo: Papelucho
2017-05-07 21:40:16,881 [5] INFO Libromatico - Info: Estanteria.UltimosAgregados - Result: Item: Id: 1 - Propietario: 10 - Titulo: Harry Potter y la Piedra Filosofal
2017-05-07 21:40:16,897 [5] INFO Libromatico - Info: Termina Metodo: Estanteria.UltimosAgregados
2017-05-07 21:47:39,350 [13] INFO Libromatico - Info: Comienza Metodo: Estanteria.UltimosAgregados - Parametros: Cantidad: 10
2017-05-07 21:47:39,549 [13] INFO Libromatico - Info: Estanteria.UltimosAgregados - Result: Item: Id: 11 - Propietario: 10 - Titulo: sa
2017-05-07 21:47:39,556 [13] INFO Libromatico - Info: Estanteria.UltimosAgregados - Result: Item: Id: 9 - Propietario: 1 - Titulo: Harry Potter y la cámara secreta
2017-05-07 21:47:39,569 [13] INFO Libromatico - Info: Estanteria.UltimosAgregados - Result: Item: Id: 8 - Propietario: 6 - Titulo: Shades of Earth
2017-05-07 21:47:39,585 [13] INFO Libromatico - Info: Estanteria.UltimosAgregados - Result: Item: Id: 7 - Propietario: 4 - Titulo: El angel de la oscuridad
2017-05-07 21:47:39,593 [13] INFO Libromatico - Info: Estanteria.UltimosAgregados - Result: Item: Id: 6 - Propietario: 5 - Titulo: National Geographic
2017-05-07 21:47:39,604 [13] INFO Libromatico - Info: Estanteria.UltimosAgregados - Result: Item: Id: 5 - Propietario: 1 - Titulo: No subas
2017-05-07 21:47:39,620 [13] INFO Libromatico - Info: Estanteria.UltimosAgregados - Result: Item: Id: 4 - Propietario: 4 - Titulo: Un libro para renacer cada día
2017-05-07 21:47:39,629 [13] INFO Libromatico - Info: Estanteria.UltimosAgregados - Result: Item: Id: 3 - Propietario: 3 - Titulo: Cartas desde la isla sky
2017-05-07 21:47:39,642 [13] INFO Libromatico - Info: Estanteria.UltimosAgregados - Result: Item: Id: 2 - Propietario: 2 - Titulo: Papelucho
2017-05-07 21:47:39,658 [13] INFO Libromatico - Info: Estanteria.UltimosAgregados - Result: Item: Id: 1 - Propietario: 10 - Titulo: Harry Potter y la Piedra Filosofal
2017-05-07 21:47:39,676 [13] INFO Libromatico - Info: Termina Metodo: Estanteria.UltimosAgregados
